TN:
SF:src/classes/checker.ts
FN:10,<static_initializer>
FN:13,Checker
FN:19,getInstance
FN:32,checkId
FN:46,checkLoyalty
FN:69,checkIfCardExistsForThisUser
FN:82,checkStrRes
FN:107,checkMana
FN:120,checkColor
FN:137,checkType
FN:154,checkRarity
FNF:11
FNH:11
FNDA:1,<static_initializer>
FNDA:1,Checker
FNDA:10,getInstance
FNDA:6,checkId
FNDA:7,checkLoyalty
FNDA:6,checkIfCardExistsForThisUser
FNDA:11,checkStrRes
FNDA:2,checkMana
FNDA:4,checkColor
FNDA:9,checkType
FNDA:5,checkRarity
DA:1,1
DA:2,1
DA:3,1
DA:4,1
DA:5,1
DA:6,1
DA:7,1
DA:8,1
DA:9,1
DA:10,1
DA:11,1
DA:12,1
DA:13,1
DA:14,1
DA:15,1
DA:16,1
DA:17,1
DA:18,1
DA:19,1
DA:20,10
DA:21,1
DA:22,1
DA:23,10
DA:24,10
DA:25,1
DA:26,1
DA:27,1
DA:28,1
DA:29,1
DA:30,1
DA:31,1
DA:32,1
DA:33,6
DA:34,5
DA:35,5
DA:36,5
DA:37,3
DA:38,3
DA:39,1
DA:40,1
DA:41,1
DA:42,1
DA:43,1
DA:44,1
DA:45,1
DA:46,1
DA:47,7
DA:48,1
DA:49,1
DA:50,1
DA:51,7
DA:52,1
DA:53,1
DA:54,1
DA:55,7
DA:56,1
DA:57,1
DA:58,1
DA:59,4
DA:60,4
DA:61,1
DA:62,1
DA:63,1
DA:64,1
DA:65,1
DA:66,1
DA:67,1
DA:68,1
DA:69,1
DA:70,6
DA:71,6
DA:72,3
DA:73,3
DA:74,1
DA:75,1
DA:76,1
DA:77,1
DA:78,1
DA:79,1
DA:80,1
DA:81,1
DA:82,1
DA:83,11
DA:84,3
DA:85,3
DA:86,3
DA:87,11
DA:88,2
DA:89,2
DA:90,2
DA:91,11
DA:92,1
DA:93,1
DA:94,1
DA:95,11
DA:96,1
DA:97,1
DA:98,1
DA:99,4
DA:100,4
DA:101,1
DA:102,1
DA:103,1
DA:104,1
DA:105,1
DA:106,1
DA:107,1
DA:108,2
DA:109,1
DA:110,1
DA:111,1
DA:112,1
DA:113,1
DA:114,1
DA:115,1
DA:116,1
DA:117,1
DA:118,1
DA:119,1
DA:120,1
DA:121,4
DA:122,1
DA:123,1
DA:124,1
DA:125,4
DA:126,2
DA:127,2
DA:128,2
DA:129,1
DA:130,1
DA:131,1
DA:132,1
DA:133,1
DA:134,1
DA:135,1
DA:136,1
DA:137,1
DA:138,9
DA:139,1
DA:140,1
DA:141,1
DA:142,9
DA:143,1
DA:144,1
DA:145,1
DA:146,7
DA:147,7
DA:148,1
DA:149,1
DA:150,1
DA:151,1
DA:152,1
DA:153,1
DA:154,1
DA:155,5
DA:156,1
DA:157,1
DA:158,1
DA:159,5
DA:160,1
DA:161,1
DA:162,1
DA:163,3
DA:164,3
DA:165,1
LF:165
LH:165
BRDA:10,0,0,1
BRDA:13,1,0,1
BRDA:19,2,0,10
BRDA:20,3,0,1
BRDA:32,4,0,6
BRDA:33,5,0,5
BRDA:35,6,0,3
BRDA:37,7,0,3
BRDA:46,8,0,7
BRDA:47,9,0,4
BRDA:47,10,0,1
BRDA:51,11,0,6
BRDA:51,12,0,3
BRDA:51,13,0,1
BRDA:55,14,0,5
BRDA:55,15,0,2
BRDA:55,16,0,2
BRDA:55,17,0,1
BRDA:59,18,0,4
BRDA:69,19,0,6
BRDA:70,20,0,3
BRDA:71,21,0,1
BRDA:71,22,0,0
BRDA:72,23,0,3
BRDA:82,24,0,11
BRDA:83,25,0,3
BRDA:83,26,0,1
BRDA:83,27,0,3
BRDA:87,28,0,8
BRDA:87,29,0,7
BRDA:87,30,0,2
BRDA:91,31,0,6
BRDA:91,32,0,6
BRDA:91,33,0,1
BRDA:95,34,0,5
BRDA:95,35,0,5
BRDA:95,36,0,1
BRDA:99,37,0,4
BRDA:107,38,0,2
BRDA:108,39,0,1
BRDA:120,40,0,4
BRDA:121,41,0,1
BRDA:125,42,0,3
BRDA:125,43,0,2
BRDA:129,44,0,1
BRDA:137,45,0,9
BRDA:138,46,0,1
BRDA:142,47,0,8
BRDA:142,48,0,1
BRDA:146,49,0,7
BRDA:154,50,0,5
BRDA:155,51,0,1
BRDA:159,52,0,4
BRDA:159,53,0,1
BRDA:163,54,0,3
BRF:55
BRH:54
end_of_record
TN:
SF:src/constants/color.ts
FNF:0
FNH:0
DA:1,1
DA:2,1
DA:3,1
DA:4,1
DA:5,1
DA:6,1
DA:7,1
DA:8,1
DA:9,1
DA:10,1
DA:11,1
DA:12,1
LF:12
LH:12
BRDA:4,0,0,1
BRF:1
BRH:1
end_of_record
TN:
SF:src/constants/rareza.ts
FNF:0
FNH:0
DA:1,1
DA:2,1
DA:3,1
DA:4,1
DA:5,1
DA:6,1
DA:7,1
DA:8,1
DA:9,1
LF:9
LH:9
BRDA:4,0,0,1
BRF:1
BRH:1
end_of_record
TN:
SF:src/constants/tipo.ts
FNF:0
FNH:0
DA:1,1
DA:2,1
DA:3,1
DA:4,1
DA:5,1
DA:6,1
DA:7,1
DA:8,1
DA:9,1
DA:10,1
DA:11,1
DA:12,1
LF:12
LH:12
BRDA:4,0,0,1
BRF:1
BRH:1
end_of_record
TN:
SF:src/functions/get_card.ts
FN:13,getCard
FNF:1
FNH:1
FNDA:2,getCard
DA:1,1
DA:2,1
DA:3,1
DA:4,1
DA:5,1
DA:6,1
DA:7,1
DA:8,1
DA:9,1
DA:10,1
DA:11,1
DA:12,1
DA:13,1
DA:14,2
DA:15,2
DA:16,2
DA:17,2
DA:18,2
DA:19,2
DA:20,2
DA:21,2
DA:22,2
DA:23,2
DA:24,2
DA:25,2
DA:26,1
DA:27,1
DA:28,1
DA:29,1
DA:30,1
DA:31,2
DA:32,2
DA:33,2
DA:34,0
DA:35,0
DA:36,2
DA:37,2
DA:38,2
DA:39,0
DA:40,2
DA:41,2
DA:42,2
DA:43,2
DA:44,2
DA:45,0
DA:46,0
DA:47,0
DA:48,2
DA:49,2
DA:50,1
DA:51,1
DA:52,1
DA:53,2
DA:54,2
DA:55,2
DA:56,2
DA:57,2
DA:58,2
DA:59,2
LF:59
LH:53
BRDA:13,0,0,2
BRDA:25,1,0,1
BRDA:32,2,0,2
BRDA:33,3,0,0
BRDA:37,4,0,2
BRDA:38,5,0,0
BRDA:43,6,0,2
BRDA:44,7,0,0
BRDA:49,8,0,1
BRF:9
BRH:6
end_of_record
TN:
SF:src/functions/list_cards.ts
FN:8,ListCards
FNF:1
FNH:1
FNDA:2,ListCards
DA:1,1
DA:2,1
DA:3,1
DA:4,1
DA:5,1
DA:6,1
DA:7,1
DA:8,1
DA:9,2
DA:10,2
DA:11,2
DA:12,2
DA:13,2
DA:14,2
DA:15,2
DA:16,1
DA:17,1
DA:18,1
DA:19,1
DA:20,1
DA:21,0
DA:22,0
DA:23,1
DA:24,1
DA:25,1
DA:26,1
DA:27,1
DA:28,0
DA:29,0
DA:30,0
DA:31,1
DA:32,1
DA:33,1
DA:34,10
DA:35,1
DA:36,10
DA:37,1
DA:38,1
DA:39,1
DA:40,1
DA:41,1
DA:42,1
DA:43,1
DA:44,2
DA:45,2
LF:45
LH:40
BRDA:8,0,0,2
BRDA:14,1,0,2
BRDA:15,2,0,1
BRDA:19,3,0,1
BRDA:20,4,0,0
BRDA:26,5,0,1
BRDA:27,6,0,0
BRDA:33,7,0,10
BRDA:34,8,0,9
BRDA:35,9,0,1
BRF:10
BRH:8
end_of_record
TN:
SF:src/functions/new_card.ts
FN:23,newCard
FNF:1
FNH:1
FNDA:2,newCard
DA:1,1
DA:2,1
DA:3,1
DA:4,1
DA:5,1
DA:6,1
DA:7,1
DA:8,1
DA:9,1
DA:10,1
DA:11,1
DA:12,1
DA:13,1
DA:14,1
DA:15,1
DA:16,1
DA:17,1
DA:18,1
DA:19,1
DA:20,1
DA:21,1
DA:22,1
DA:23,1
DA:24,2
DA:25,2
DA:26,2
DA:27,2
DA:28,2
DA:29,2
DA:30,2
DA:31,2
DA:32,2
DA:33,2
DA:34,2
DA:35,2
DA:36,2
DA:37,2
DA:38,2
DA:39,2
DA:40,2
DA:41,2
DA:42,0
DA:43,0
DA:44,0
DA:45,0
DA:46,2
DA:47,2
DA:48,2
DA:49,1
DA:50,1
DA:51,1
DA:52,1
DA:53,1
DA:54,1
DA:55,1
DA:56,1
DA:57,0
DA:58,0
DA:59,0
DA:60,0
DA:61,0
DA:62,0
DA:63,1
DA:64,1
DA:65,1
DA:66,1
DA:67,1
DA:68,1
DA:69,1
DA:70,1
DA:71,1
DA:72,1
DA:73,1
DA:74,1
DA:75,1
DA:76,1
DA:77,1
DA:78,1
DA:79,1
DA:80,1
DA:81,1
DA:82,1
DA:83,1
DA:84,1
DA:85,1
DA:86,0
DA:87,1
DA:88,1
DA:89,1
DA:90,1
DA:91,1
DA:92,1
DA:93,1
DA:94,1
DA:95,1
DA:96,0
DA:97,0
DA:98,1
DA:99,1
LF:99
LH:86
BRDA:23,0,0,2
BRDA:41,1,0,0
BRDA:48,2,0,1
BRDA:54,3,0,1
BRDA:56,4,0,0
BRDA:95,5,0,0
BRDA:84,6,0,1
BRDA:85,7,0,0
BRF:8
BRH:4
end_of_record
TN:
SF:src/functions/paint_color.ts
FN:7,paintColor
FN:32,getColor
FNF:2
FNH:2
FNDA:1,paintColor
FNDA:10,getColor
DA:1,1
DA:2,1
DA:3,1
DA:4,1
DA:5,1
DA:6,1
DA:7,1
DA:8,1
DA:9,1
DA:10,1
DA:11,1
DA:12,1
DA:13,0
DA:14,0
DA:15,1
DA:16,0
DA:17,0
DA:18,1
DA:19,0
DA:20,0
DA:21,1
DA:22,0
DA:23,0
DA:24,1
DA:25,0
DA:26,0
DA:27,1
DA:28,0
DA:29,0
DA:30,1
DA:31,1
DA:32,10
DA:33,10
DA:34,10
DA:35,10
DA:36,1
DA:37,1
DA:38,1
DA:39,1
DA:40,1
LF:40
LH:28
BRDA:7,0,0,1
BRDA:12,1,0,0
BRDA:15,2,0,0
BRDA:18,3,0,0
BRDA:21,4,0,0
BRDA:24,5,0,0
BRDA:27,6,0,0
BRDA:31,7,0,10
BRDA:32,8,0,10
BRF:9
BRH:3
end_of_record
TN:
SF:src/functions/update_card.ts
FN:23,updateCard
FNF:1
FNH:1
FNDA:2,updateCard
DA:1,1
DA:2,1
DA:3,1
DA:4,1
DA:5,1
DA:6,1
DA:7,1
DA:8,1
DA:9,1
DA:10,1
DA:11,1
DA:12,1
DA:13,1
DA:14,1
DA:15,1
DA:16,1
DA:17,1
DA:18,1
DA:19,1
DA:20,1
DA:21,1
DA:22,1
DA:23,1
DA:24,2
DA:25,2
DA:26,2
DA:27,2
DA:28,2
DA:29,2
DA:30,2
DA:31,2
DA:32,2
DA:33,2
DA:34,2
DA:35,2
DA:36,2
DA:37,2
DA:38,2
DA:39,2
DA:40,1
DA:41,1
DA:42,1
DA:43,1
DA:44,1
DA:45,1
DA:46,1
DA:47,1
DA:48,1
DA:49,1
DA:50,2
DA:51,2
DA:52,2
DA:53,0
DA:54,0
DA:55,2
DA:56,2
DA:57,2
DA:58,0
DA:59,2
DA:60,2
DA:61,2
DA:62,2
DA:63,0
DA:64,0
DA:65,0
DA:66,2
DA:67,1
DA:68,1
DA:69,1
DA:70,1
DA:71,1
DA:72,1
DA:73,1
DA:74,1
DA:75,1
DA:76,1
DA:77,1
DA:78,1
DA:79,1
DA:80,1
DA:81,1
DA:82,0
DA:83,0
DA:84,0
DA:85,1
DA:86,1
DA:87,0
DA:88,0
DA:89,0
DA:90,0
DA:91,0
DA:92,0
DA:93,0
DA:94,0
DA:95,0
DA:96,0
DA:97,0
DA:98,0
DA:99,0
DA:100,0
DA:101,0
DA:102,1
DA:103,1
DA:104,1
DA:105,1
DA:106,1
DA:107,1
DA:108,1
DA:109,1
DA:110,1
DA:111,1
DA:112,1
DA:113,1
DA:114,1
DA:115,1
DA:116,1
DA:117,1
DA:118,1
DA:119,1
DA:120,1
DA:121,1
DA:122,1
DA:123,1
DA:124,1
DA:125,0
DA:126,0
DA:127,1
DA:128,1
DA:129,1
DA:130,1
DA:131,1
DA:132,1
DA:133,1
DA:134,2
DA:135,2
DA:136,2
DA:137,2
DA:138,2
DA:139,2
DA:140,2
LF:140
LH:114
BRDA:23,0,0,2
BRDA:39,1,0,1
BRDA:51,2,0,2
BRDA:52,3,0,0
BRDA:56,4,0,2
BRDA:57,5,0,0
BRDA:61,6,0,2
BRDA:62,7,0,0
BRDA:66,8,0,1
BRDA:68,9,0,0
BRDA:69,10,0,0
BRDA:69,11,0,0
BRDA:70,12,0,0
BRDA:71,13,0,0
BRDA:71,14,0,0
BRDA:72,15,0,0
BRDA:72,16,0,0
BRDA:73,17,0,0
BRDA:74,18,0,0
BRDA:75,19,0,0
BRDA:76,20,0,0
BRDA:77,21,0,0
BRDA:81,22,0,0
BRDA:86,23,0,0
BRDA:123,24,0,1
BRDA:124,25,0,0
BRF:26
BRH:7
end_of_record
